[Member M6] - Listening on port 9006
[Member M6] Command port listening on 9106
[Acceptor M6] Received Prepare(M2:1) from Proposer M2
[Acceptor M6] Sent Promise for M2:1 to Proposer M2
[Acceptor M6] Received AcceptRequest(M2:1, '{"type":"PREPARE","value":"M6","from":"M2"}') from Proposer M2
[Acceptor M6] Accepted proposal M2:1 with value '{"type":"PREPARE","value":"M6","from":"M2"}'
[Acceptor M6] Received AcceptRequest(M2:1, '{"type":"PREPARE","value":"M6","from":"M2"}') from Proposer M2
[Acceptor M6] Accepted proposal M2:1 with value '{"type":"PREPARE","value":"M6","from":"M2"}'
[Acceptor M6] Received AcceptRequest(M2:1, '{"type":"PREPARE","value":"M6","from":"M2"}') from Proposer M2
[Acceptor M6] Accepted proposal M2:1 with value '{"type":"PREPARE","value":"M6","from":"M2"}'
[Acceptor M6] Received AcceptRequest(M2:1, '{"type":"PREPARE","value":"M6","from":"M2"}') from Proposer M2
[Acceptor M6] Accepted proposal M2:1 with value '{"type":"PREPARE","value":"M6","from":"M2"}'
[Acceptor M6] Received AcceptRequest(M2:1, '{"type":"PREPARE","value":"M6","from":"M2"}') from Proposer M2
[Acceptor M6] Accepted proposal M2:1 with value '{"type":"PREPARE","value":"M6","from":"M2"}'
Learner M6 has learned the value: {"type":"PREPARE","value":"M6","from":"M2"} for proposal number: M2:1
Learner M6 has learned the value: {"type":"PREPARE","value":"M6","from":"M2"} for proposal number: M2:1
Learner M6 has learned the value: {"type":"PREPARE","value":"M6","from":"M2"} for proposal number: M2:1
Learner M6 has learned the value: {"type":"PREPARE","value":"M6","from":"M2"} for proposal number: M2:1
Learner M6 has learned the value: {"type":"PREPARE","value":"M6","from":"M2"} for proposal number: M2:1
[Member M6] Shutting down...
