[Member M7] - Listening on port 9007
[Member M7] Command port listening on 9107
[Acceptor M7] Received Prepare(M2:1) from Proposer M2
[Acceptor M7] Sent Promise for M2:1 to Proposer M2
[Acceptor M7] Received AcceptRequest(M2:1, '{"type":"PREPARE","value":"M6","from":"M2"}') from Proposer M2
[Acceptor M7] Accepted proposal M2:1 with value '{"type":"PREPARE","value":"M6","from":"M2"}'
[Acceptor M7] Received AcceptRequest(M2:1, '{"type":"PREPARE","value":"M6","from":"M2"}') from Proposer M2
[Acceptor M7] Accepted proposal M2:1 with value '{"type":"PREPARE","value":"M6","from":"M2"}'
Learner M7 has learned the value: {"type":"PREPARE","value":"M6","from":"M2"} for proposal number: M2:1
[Acceptor M7] Received AcceptRequest(M2:1, '{"type":"PREPARE","value":"M6","from":"M2"}') from Proposer M2
[Acceptor M7] Accepted proposal M2:1 with value '{"type":"PREPARE","value":"M6","from":"M2"}'
[Acceptor M7] Received AcceptRequest(M2:1, '{"type":"PREPARE","value":"M6","from":"M2"}') from Proposer M2
[Acceptor M7] Accepted proposal M2:1 with value '{"type":"PREPARE","value":"M6","from":"M2"}'
[Acceptor M7] Received AcceptRequest(M2:1, '{"type":"PREPARE","value":"M6","from":"M2"}') from Proposer M2
[Acceptor M7] Accepted proposal M2:1 with value '{"type":"PREPARE","value":"M6","from":"M2"}'
Learner M7 has learned the value: {"type":"PREPARE","value":"M6","from":"M2"} for proposal number: M2:1
Learner M7 has learned the value: {"type":"PREPARE","value":"M6","from":"M2"} for proposal number: M2:1
Learner M7 has learned the value: {"type":"PREPARE","value":"M6","from":"M2"} for proposal number: M2:1
Learner M7 has learned the value: {"type":"PREPARE","value":"M6","from":"M2"} for proposal number: M2:1
[Member M7] Shutting down...
