[Member M8] - Listening on port 9008
[Member M8] Command port listening on 9108
[Acceptor M8] Received Prepare(M2:1) from Proposer M2
[Acceptor M8] Sent Promise for M2:1 to Proposer M2
[Acceptor M8] Received AcceptRequest(M2:1, '{"type":"PREPARE","value":"M6","from":"M2"}') from Proposer M2
[Acceptor M8] Accepted proposal M2:1 with value '{"type":"PREPARE","value":"M6","from":"M2"}'
[Acceptor M8] Received AcceptRequest(M2:1, '{"type":"PREPARE","value":"M6","from":"M2"}') from Proposer M2
[Acceptor M8] Accepted proposal M2:1 with value '{"type":"PREPARE","value":"M6","from":"M2"}'
[Acceptor M8] Received AcceptRequest(M2:1, '{"type":"PREPARE","value":"M6","from":"M2"}') from Proposer M2
[Acceptor M8] Accepted proposal M2:1 with value '{"type":"PREPARE","value":"M6","from":"M2"}'
[Acceptor M8] Received AcceptRequest(M2:1, '{"type":"PREPARE","value":"M6","from":"M2"}') from Proposer M2
[Acceptor M8] Accepted proposal M2:1 with value '{"type":"PREPARE","value":"M6","from":"M2"}'
[Acceptor M8] Received AcceptRequest(M2:1, '{"type":"PREPARE","value":"M6","from":"M2"}') from Proposer M2
[Acceptor M8] Accepted proposal M2:1 with value '{"type":"PREPARE","value":"M6","from":"M2"}'
Learner M8 has learned the value: {"type":"PREPARE","value":"M6","from":"M2"} for proposal number: M2:1
Learner M8 has learned the value: {"type":"PREPARE","value":"M6","from":"M2"} for proposal number: M2:1
Learner M8 has learned the value: {"type":"PREPARE","value":"M6","from":"M2"} for proposal number: M2:1
Learner M8 has learned the value: {"type":"PREPARE","value":"M6","from":"M2"} for proposal number: M2:1
Learner M8 has learned the value: {"type":"PREPARE","value":"M6","from":"M2"} for proposal number: M2:1
[Member M8] Shutting down...
