[Member M9] - Listening on port 9009
[Member M9] Command port listening on 9109
[Acceptor M9] Received Prepare(M2:1) from Proposer M2
[Acceptor M9] Sent Promise for M2:1 to Proposer M2
[Acceptor M9] Received AcceptRequest(M2:1, '{"type":"PREPARE","value":"M6","from":"M2"}') from Proposer M2
[Acceptor M9] Accepted proposal M2:1 with value '{"type":"PREPARE","value":"M6","from":"M2"}'
[Acceptor M9] Received AcceptRequest(M2:1, '{"type":"PREPARE","value":"M6","from":"M2"}') from Proposer M2
Learner M9 has learned the value: {"type":"PREPARE","value":"M6","from":"M2"} for proposal number: M2:1
[Acceptor M9] Accepted proposal M2:1 with value '{"type":"PREPARE","value":"M6","from":"M2"}'
[Acceptor M9] Received AcceptRequest(M2:1, '{"type":"PREPARE","value":"M6","from":"M2"}') from Proposer M2
[Acceptor M9] Accepted proposal M2:1 with value '{"type":"PREPARE","value":"M6","from":"M2"}'
[Acceptor M9] Received AcceptRequest(M2:1, '{"type":"PREPARE","value":"M6","from":"M2"}') from Proposer M2
[Acceptor M9] Accepted proposal M2:1 with value '{"type":"PREPARE","value":"M6","from":"M2"}'
[Acceptor M9] Received AcceptRequest(M2:1, '{"type":"PREPARE","value":"M6","from":"M2"}') from Proposer M2
Learner M9 has learned the value: {"type":"PREPARE","value":"M6","from":"M2"} for proposal number: M2:1
[Acceptor M9] Accepted proposal M2:1 with value '{"type":"PREPARE","value":"M6","from":"M2"}'
Learner M9 has learned the value: {"type":"PREPARE","value":"M6","from":"M2"} for proposal number: M2:1
Learner M9 has learned the value: {"type":"PREPARE","value":"M6","from":"M2"} for proposal number: M2:1
Learner M9 has learned the value: {"type":"PREPARE","value":"M6","from":"M2"} for proposal number: M2:1
[Member M9] Shutting down...
