[Member M2] - Listening on port 9002
[Member M2] Command port listening on 9102
[Acceptor M2] Received Prepare(M4:1) from Proposer M4
[Acceptor M2] Sent Promise for M4:1 to Proposer M4
[Acceptor M2] Received AcceptRequest(M4:1, '{"type":"PREPARE","value":"M5","from":"M4"}') from Proposer M4
[Acceptor M2] Accepted proposal M4:1 with value '{"type":"PREPARE","value":"M5","from":"M4"}'
[Acceptor M2] Received AcceptRequest(M4:1, '{"type":"PREPARE","value":"M5","from":"M4"}') from Proposer M4
[Acceptor M2] Accepted proposal M4:1 with value '{"type":"PREPARE","value":"M5","from":"M4"}'
[Acceptor M2] Received AcceptRequest(M4:1, '{"type":"PREPARE","value":"M5","from":"M4"}') from Proposer M4
[Acceptor M2] Accepted proposal M4:1 with value '{"type":"PREPARE","value":"M5","from":"M4"}'
[Acceptor M2] Received AcceptRequest(M4:1, '{"type":"PREPARE","value":"M5","from":"M4"}') from Proposer M4
Learner M2 has learned the value: {"type":"PREPARE","value":"M5","from":"M4"} for proposal number: M4:1
[Acceptor M2] Accepted proposal M4:1 with value '{"type":"PREPARE","value":"M5","from":"M4"}'
[Acceptor M2] Received AcceptRequest(M4:1, '{"type":"PREPARE","value":"M5","from":"M4"}') from Proposer M4
[Acceptor M2] Accepted proposal M4:1 with value '{"type":"PREPARE","value":"M5","from":"M4"}'
Learner M2 has learned the value: {"type":"PREPARE","value":"M5","from":"M4"} for proposal number: M4:1
Learner M2 has learned the value: {"type":"PREPARE","value":"M5","from":"M4"} for proposal number: M4:1
Learner M2 has learned the value: {"type":"PREPARE","value":"M5","from":"M4"} for proposal number: M4:1
Learner M2 has learned the value: {"type":"PREPARE","value":"M5","from":"M4"} for proposal number: M4:1
[Member M2] Shutting down...
