[Member M9] - Listening on port 9009
[Acceptor M9] Received Prepare(M4:1) from Proposer M4
[Acceptor M9] Sent Promise for M4:1 to Proposer M4
[Acceptor M9] Received AcceptRequest(M4:1, '{"type":"PREPARE","value":"M5","from":"M4"}') from Proposer M4
[Acceptor M9] Accepted proposal M4:1 with value '{"type":"PREPARE","value":"M5","from":"M4"}'
[Acceptor M9] Received AcceptRequest(M4:1, '{"type":"PREPARE","value":"M5","from":"M4"}') from Proposer M4
Learner M9 has learned the value: {"type":"PREPARE","value":"M5","from":"M4"} for proposal number: M4:1
[Acceptor M9] Accepted proposal M4:1 with value '{"type":"PREPARE","value":"M5","from":"M4"}'
[Acceptor M9] Received AcceptRequest(M4:1, '{"type":"PREPARE","value":"M5","from":"M4"}') from Proposer M4
[Acceptor M9] Accepted proposal M4:1 with value '{"type":"PREPARE","value":"M5","from":"M4"}'
[Acceptor M9] Received AcceptRequest(M4:1, '{"type":"PREPARE","value":"M5","from":"M4"}') from Proposer M4
[Acceptor M9] Accepted proposal M4:1 with value '{"type":"PREPARE","value":"M5","from":"M4"}'
[Acceptor M9] Received AcceptRequest(M4:1, '{"type":"PREPARE","value":"M5","from":"M4"}') from Proposer M4
[Acceptor M9] Accepted proposal M4:1 with value '{"type":"PREPARE","value":"M5","from":"M4"}'
Learner M9 has learned the value: {"type":"PREPARE","value":"M5","from":"M4"} for proposal number: M4:1
Learner M9 has learned the value: {"type":"PREPARE","value":"M5","from":"M4"} for proposal number: M4:1
Learner M9 has learned the value: {"type":"PREPARE","value":"M5","from":"M4"} for proposal number: M4:1
Learner M9 has learned the value: {"type":"PREPARE","value":"M5","from":"M4"} for proposal number: M4:1
Learner M9 has learned the value: {"type":"PREPARE","value":"M5","from":"M4"} for proposal number: M4:1
[Member M9] Command port listening on 9109
[Member M9] Shutting down...
