[Member M2] - Listening on port 9002
[Acceptor M2] Received Prepare(M5:1) from Proposer M5
[Acceptor M2] Sent Promise for M5:1 to Proposer M5
[Acceptor M2] Received AcceptRequest(M5:1, 'M5') from Proposer M5
[Acceptor M2] Accepted proposal M5:1 with value 'M5'
[Acceptor M2] Received AcceptRequest(M5:1, 'M5') from Proposer M5
Learner M2 has learned the value: M5 for proposal number: M5:1
Learner M2 has learned the value: M5 for proposal number: M5:1
[Acceptor M2] Accepted proposal M5:1 with value 'M5'
[Acceptor M2] Received AcceptRequest(M5:1, 'M5') from Proposer M5
Learner M2 has learned the value: M5 for proposal number: M5:1
[Acceptor M2] Accepted proposal M5:1 with value 'M5'
[Acceptor M2] Received AcceptRequest(M5:1, 'M5') from Proposer M5
[Acceptor M2] Accepted proposal M5:1 with value 'M5'
[Acceptor M2] Received AcceptRequest(M5:1, 'M5') from Proposer M5
[Acceptor M2] Accepted proposal M5:1 with value 'M5'
Learner M2 has learned the value: M5 for proposal number: M5:1
Learner M2 has learned the value: M5 for proposal number: M5:1
Learner M2 has learned the value: M5 for proposal number: M5:1
[Member M2] Shutting down...
