[Member M3] - Listening on port 9003
[Member M3] Command port listening on 9103
[Acceptor M3] Received Prepare(M5:1) from Proposer M5
[Acceptor M3] Sent Promise for M5:1 to Proposer M5
[Acceptor M3] Received AcceptRequest(M5:1, 'M5') from Proposer M5
[Acceptor M3] Accepted proposal M5:1 with value 'M5'
[Acceptor M3] Received AcceptRequest(M5:1, 'M5') from Proposer M5
[Acceptor M3] Accepted proposal M5:1 with value 'M5'
[Acceptor M3] Received AcceptRequest(M5:1, 'M5') from Proposer M5
[Acceptor M3] Accepted proposal M5:1 with value 'M5'
[Acceptor M3] Received AcceptRequest(M5:1, 'M5') from Proposer M5
Learner M3 has learned the value: M5 for proposal number: M5:1
Learner M3 has learned the value: M5 for proposal number: M5:1
[Acceptor M3] Accepted proposal M5:1 with value 'M5'
[Acceptor M3] Received AcceptRequest(M5:1, 'M5') from Proposer M5
[Acceptor M3] Accepted proposal M5:1 with value 'M5'
Learner M3 has learned the value: M5 for proposal number: M5:1
Learner M3 has learned the value: M5 for proposal number: M5:1
Learner M3 has learned the value: M5 for proposal number: M5:1
Learner M3 has learned the value: M5 for proposal number: M5:1
[Member M3] Shutting down...
