[Member M4] - Listening on port 9004
[Acceptor M4] Received Prepare(M5:1) from Proposer M5
[Acceptor M4] Sent Promise for M5:1 to Proposer M5
[Acceptor M4] Received AcceptRequest(M5:1, 'M5') from Proposer M5
[Acceptor M4] Accepted proposal M5:1 with value 'M5'
[Acceptor M4] Received AcceptRequest(M5:1, 'M5') from Proposer M5
[Acceptor M4] Accepted proposal M5:1 with value 'M5'
[Acceptor M4] Received AcceptRequest(M5:1, 'M5') from Proposer M5
[Acceptor M4] Accepted proposal M5:1 with value 'M5'
[Acceptor M4] Received AcceptRequest(M5:1, 'M5') from Proposer M5
[Acceptor M4] Accepted proposal M5:1 with value 'M5'
[Acceptor M4] Received AcceptRequest(M5:1, 'M5') from Proposer M5
[Acceptor M4] Accepted proposal M5:1 with value 'M5'
Learner M4 has learned the value: M5 for proposal number: M5:1
Learner M4 has learned the value: M5 for proposal number: M5:1
Learner M4 has learned the value: M5 for proposal number: M5:1
Learner M4 has learned the value: M5 for proposal number: M5:1
[Member M4] Command port listening on 9104
Learner M4 has learned the value: M5 for proposal number: M5:1
[Member M4] Shutting down...
