[Member M6] - Listening on port 9006
[Member M6] Command port listening on 9106
[Acceptor M6] Received Prepare(M5:1) from Proposer M5
[Acceptor M6] Sent Promise for M5:1 to Proposer M5
[Acceptor M6] Received AcceptRequest(M5:1, 'M5') from Proposer M5
[Acceptor M6] Accepted proposal M5:1 with value 'M5'
[Acceptor M6] Received AcceptRequest(M5:1, 'M5') from Proposer M5
[Acceptor M6] Accepted proposal M5:1 with value 'M5'
[Acceptor M6] Received AcceptRequest(M5:1, 'M5') from Proposer M5
[Acceptor M6] Accepted proposal M5:1 with value 'M5'
[Acceptor M6] Received AcceptRequest(M5:1, 'M5') from Proposer M5
[Acceptor M6] Accepted proposal M5:1 with value 'M5'
[Acceptor M6] Received AcceptRequest(M5:1, 'M5') from Proposer M5
[Acceptor M6] Accepted proposal M5:1 with value 'M5'
Learner M6 has learned the value: M5 for proposal number: M5:1
Learner M6 has learned the value: M5 for proposal number: M5:1
Learner M6 has learned the value: M5 for proposal number: M5:1
Learner M6 has learned the value: M5 for proposal number: M5:1
Learner M6 has learned the value: M5 for proposal number: M5:1
Learner M6 has learned the value: M5 for proposal number: M5:1
[Member M6] Shutting down...
