[0.005s][warning][perf,memops] Cannot use file /tmp/hsperfdata_gilded-andromeda/660055 because it is locked by another process (errno = 11)
[Member M7] - Listening on port 9007
[Acceptor M7] Received Prepare(M5:1) from Proposer M5
[Member M7] Command port listening on 9107
[Acceptor M7] Sent Promise for M5:1 to Proposer M5
[Acceptor M7] Received AcceptRequest(M5:1, 'M5') from Proposer M5
[Acceptor M7] Accepted proposal M5:1 with value 'M5'
[Acceptor M7] Received AcceptRequest(M5:1, 'M5') from Proposer M5
[Acceptor M7] Accepted proposal M5:1 with value 'M5'
[Acceptor M7] Received AcceptRequest(M5:1, 'M5') from Proposer M5
[Acceptor M7] Accepted proposal M5:1 with value 'M5'
[Acceptor M7] Received AcceptRequest(M5:1, 'M5') from Proposer M5
[Acceptor M7] Accepted proposal M5:1 with value 'M5'
Learner M7 has learned the value: M5 for proposal number: M5:1
[Acceptor M7] Received AcceptRequest(M5:1, 'M5') from Proposer M5
[Acceptor M7] Accepted proposal M5:1 with value 'M5'
Learner M7 has learned the value: M5 for proposal number: M5:1
Learner M7 has learned the value: M5 for proposal number: M5:1
Learner M7 has learned the value: M5 for proposal number: M5:1
Learner M7 has learned the value: M5 for proposal number: M5:1
Learner M7 has learned the value: M5 for proposal number: M5:1
Learner M7 has learned the value: M5 for proposal number: M5:1
[Member M7] Shutting down...
