[Member M1] - Listening on port 9001
[Proposer M1] Auto-proposing value: M1
[Acceptor M1] Received Prepare(M8:1) from Proposer M8
[Proposer M1] Starting proposal M1:1 with value 'M1'
[Acceptor M1] Sent Promise for M8:1 to Proposer M8
[Proposer M1] Sent Prepare for M1:1 to [M1, M2, M3, M4, M5, M6, M7, M8, M9]
[Member M1] Command port listening on 9101
[Acceptor M1] Received Prepare(M1:1) from Proposer M1
[Acceptor M1] Ignored Prepare(M1:1), promised number is M8:1
[Acceptor M1] Received AcceptRequest(M8:1, 'M8') from Proposer M8
[Acceptor M1] Accepted proposal M8:1 with value 'M8'
[Acceptor M1] Received AcceptRequest(M8:1, 'M8') from Proposer M8
[Acceptor M1] Accepted proposal M8:1 with value 'M8'
[Acceptor M1] Received AcceptRequest(M8:1, 'M8') from Proposer M8
[Acceptor M1] Accepted proposal M8:1 with value 'M8'
[Acceptor M1] Received AcceptRequest(M8:1, 'M8') from Proposer M8
[Acceptor M1] Accepted proposal M8:1 with value 'M8'
[Acceptor M1] Received AcceptRequest(M8:1, 'M8') from Proposer M8
[Acceptor M1] Accepted proposal M8:1 with value 'M8'
Learner M1 has learned the value: M8 for proposal number: M8:1
Learner M1 has learned the value: M8 for proposal number: M8:1
Learner M1 has learned the value: M8 for proposal number: M8:1
Learner M1 has learned the value: M8 for proposal number: M8:1
Learner M1 has learned the value: M8 for proposal number: M8:1
Learner M1 has learned the value: M8 for proposal number: M8:1
[Member M1] Shutting down...
