[Member M3] - Listening on port 9003
[Acceptor M3] Received Prepare(M1:1) from Proposer M1
[Acceptor M3] Sent Promise for M1:1 to Proposer M1
[Acceptor M3] Received Prepare(M8:1) from Proposer M8
[Acceptor M3] Sent Promise for M8:1 to Proposer M8
[Acceptor M3] Received AcceptRequest(M1:1, 'M1') from Proposer M1
[Acceptor M3] Ignored AcceptRequest(M1:1), promised number is M8:1
[Acceptor M3] Received AcceptRequest(M1:1, 'M1') from Proposer M1
[Acceptor M3] Ignored AcceptRequest(M1:1), promised number is M8:1
[Acceptor M3] Received AcceptRequest(M1:1, 'M1') from Proposer M1
[Acceptor M3] Ignored AcceptRequest(M1:1), promised number is M8:1
[Acceptor M3] Received AcceptRequest(M1:1, 'M1') from Proposer M1
[Acceptor M3] Ignored AcceptRequest(M1:1), promised number is M8:1
[Acceptor M3] Received AcceptRequest(M1:1, 'M1') from Proposer M1
[Acceptor M3] Ignored AcceptRequest(M1:1), promised number is M8:1
[Acceptor M3] Received AcceptRequest(M8:1, 'M8') from Proposer M8
[Acceptor M3] Accepted proposal M8:1 with value 'M8'
[Acceptor M3] Received AcceptRequest(M8:1, 'M8') from Proposer M8
[Acceptor M3] Accepted proposal M8:1 with value 'M8'
[Acceptor M3] Received AcceptRequest(M8:1, 'M8') from Proposer M8
Learner M3 has learned the value: M8 for proposal number: M8:1
[Acceptor M3] Accepted proposal M8:1 with value 'M8'
[Acceptor M3] Received AcceptRequest(M8:1, 'M8') from Proposer M8
[Acceptor M3] Accepted proposal M8:1 with value 'M8'
[Acceptor M3] Received AcceptRequest(M8:1, 'M8') from Proposer M8
[Acceptor M3] Accepted proposal M8:1 with value 'M8'
Learner M3 has learned the value: M8 for proposal number: M8:1
Learner M3 has learned the value: M8 for proposal number: M8:1
Learner M3 has learned the value: M8 for proposal number: M8:1
Learner M3 has learned the value: M8 for proposal number: M8:1
Learner M3 has learned the value: M8 for proposal number: M8:1
