[Member M4] - Listening on port 9004
[Acceptor M4] Received Prepare(M1:1) from Proposer M1
[Acceptor M4] Sent Promise for M1:1 to Proposer M1
[Acceptor M4] Received AcceptRequest(M1:1, 'M1') from Proposer M1
[Acceptor M4] Accepted proposal M1:1 with value 'M1'
Learner M4 has learned the value: M1 for proposal number: M1:1
[Acceptor M4] Received AcceptRequest(M1:1, 'M1') from Proposer M1
Learner M4 has learned the value: M1 for proposal number: M1:1
[Acceptor M4] Accepted proposal M1:1 with value 'M1'
[Acceptor M4] Received AcceptRequest(M1:1, 'M1') from Proposer M1
[Acceptor M4] Accepted proposal M1:1 with value 'M1'
Learner M4 has learned the value: M1 for proposal number: M1:1
[Acceptor M4] Received AcceptRequest(M1:1, 'M1') from Proposer M1
[Acceptor M4] Accepted proposal M1:1 with value 'M1'
[Acceptor M4] Received AcceptRequest(M1:1, 'M1') from Proposer M1
[Acceptor M4] Accepted proposal M1:1 with value 'M1'
Learner M4 has learned the value: M1 for proposal number: M1:1
Learner M4 has learned the value: M1 for proposal number: M1:1
Learner M4 has learned the value: M1 for proposal number: M1:1
[Acceptor M4] Received Prepare(M8:1) from Proposer M8
[Acceptor M4] Sent Promise for M8:1 to Proposer M8
[Acceptor M4] Received AcceptRequest(M8:1, 'M1') from Proposer M8
[Acceptor M4] Accepted proposal M8:1 with value 'M1'
[Acceptor M4] Received AcceptRequest(M8:1, 'M1') from Proposer M8
[Acceptor M4] Accepted proposal M8:1 with value 'M1'
[Acceptor M4] Received AcceptRequest(M8:1, 'M1') from Proposer M8
[Acceptor M4] Accepted proposal M8:1 with value 'M1'
[Acceptor M4] Received AcceptRequest(M8:1, 'M1') from Proposer M8
Learner M4 has learned the value: M1 for proposal number: M8:1
[Acceptor M4] Accepted proposal M8:1 with value 'M1'
[Acceptor M4] Received AcceptRequest(M8:1, 'M1') from Proposer M8
[Acceptor M4] Accepted proposal M8:1 with value 'M1'
Learner M4 has learned the value: M1 for proposal number: M8:1
Learner M4 has learned the value: M1 for proposal number: M8:1
Learner M4 has learned the value: M1 for proposal number: M8:1
Learner M4 has learned the value: M1 for proposal number: M8:1
Learner M4 has learned the value: M1 for proposal number: M8:1
[Member M4] Command port listening on 9104
[Member M4] Shutting down...
