[Member M7] - Listening on port 9007
[Member M7] Command port listening on 9107
[Acceptor M7] Received Prepare(M8:1) from Proposer M8
[Acceptor M7] Sent Promise for M8:1 to Proposer M8
[Acceptor M7] Received Prepare(M1:1) from Proposer M1
[Acceptor M7] Ignored Prepare(M1:1), promised number is M8:1
[Acceptor M7] Received AcceptRequest(M8:1, 'M8') from Proposer M8
[Acceptor M7] Accepted proposal M8:1 with value 'M8'
[Acceptor M7] Received AcceptRequest(M8:1, 'M8') from Proposer M8
Learner M7 has learned the value: M8 for proposal number: M8:1
[Acceptor M7] Accepted proposal M8:1 with value 'M8'
[Acceptor M7] Received AcceptRequest(M8:1, 'M8') from Proposer M8
[Acceptor M7] Accepted proposal M8:1 with value 'M8'
[Acceptor M7] Received AcceptRequest(M8:1, 'M8') from Proposer M8
[Acceptor M7] Accepted proposal M8:1 with value 'M8'
[Acceptor M7] Received AcceptRequest(M8:1, 'M8') from Proposer M8
[Acceptor M7] Accepted proposal M8:1 with value 'M8'
Learner M7 has learned the value: M8 for proposal number: M8:1
Learner M7 has learned the value: M8 for proposal number: M8:1
Learner M7 has learned the value: M8 for proposal number: M8:1
[Member M7] Shutting down...
