[Member M2] - Listening on port 9002
[Member M2] Command port listening on 9102
[Acceptor M2] Received Prepare(M4:1) from Proposer M4
[Acceptor M2] Sent Promise for M4:1 to Proposer M4
[Acceptor M2] Received AcceptRequest(M4:1, 'M7') from Proposer M4
[Acceptor M2] Accepted proposal M4:1 with value 'M7'
[Acceptor M2] Received AcceptRequest(M4:1, 'M7') from Proposer M4
[Acceptor M2] Accepted proposal M4:1 with value 'M7'
[Acceptor M2] Received AcceptRequest(M4:1, 'M7') from Proposer M4
[Member M2] Failed to connect to localhost:9003 - Connection refused
[Member M2] Failed to connect to localhost:9003 - Connection refused
Learner M2 has learned the value: M7 for proposal number: M4:1
Learner M2 has learned the value: M7 for proposal number: M4:1
Learner M2 has learned the value: M7 for proposal number: M4:1
[Acceptor M2] Accepted proposal M4:1 with value 'M7'
[Acceptor M2] Received AcceptRequest(M4:1, 'M7') from Proposer M4
[Acceptor M2] Accepted proposal M4:1 with value 'M7'
[Member M2] Failed to connect to localhost:9003 - Connection refused
Learner M2 has learned the value: M7 for proposal number: M4:1
[Member M2] Failed to connect to localhost:9003 - Connection refused
[Member M2] Shutting down...
