[Member M5] - Listening on port 9005
[Member M5] Command port listening on 9105
[Acceptor M5] Received Prepare(M4:1) from Proposer M4
[Acceptor M5] Sent Promise for M4:1 to Proposer M4
[Acceptor M5] Received AcceptRequest(M4:1, 'M7') from Proposer M4
[Acceptor M5] Accepted proposal M4:1 with value 'M7'
[Acceptor M5] Received AcceptRequest(M4:1, 'M7') from Proposer M4
[Acceptor M5] Accepted proposal M4:1 with value 'M7'
[Acceptor M5] Received AcceptRequest(M4:1, 'M7') from Proposer M4
[Member M5] Failed to connect to localhost:9003 - Connection refused
[Member M5] Failed to connect to localhost:9003 - Connection refused
[Acceptor M5] Accepted proposal M4:1 with value 'M7'
[Acceptor M5] Received AcceptRequest(M4:1, 'M7') from Proposer M4
[Member M5] Failed to connect to localhost:9003 - Connection refused
[Acceptor M5] Accepted proposal M4:1 with value 'M7'
Learner M5 has learned the value: M7 for proposal number: M4:1
Learner M5 has learned the value: M7 for proposal number: M4:1
[Member M5] Failed to connect to localhost:9003 - Connection refused
Learner M5 has learned the value: M7 for proposal number: M4:1
Learner M5 has learned the value: M7 for proposal number: M4:1
Learner M5 has learned the value: M7 for proposal number: M4:1
[Member M5] Shutting down...
