[Member M7] - Listening on port 9007
[Member M7] Command port listening on 9107
[Acceptor M7] Received Prepare(M4:1) from Proposer M4
[Acceptor M7] Sent Promise for M4:1 to Proposer M4
[Acceptor M7] Received AcceptRequest(M4:1, 'M7') from Proposer M4
[Acceptor M7] Accepted proposal M4:1 with value 'M7'
[Acceptor M7] Received AcceptRequest(M4:1, 'M7') from Proposer M4
[Acceptor M7] Accepted proposal M4:1 with value 'M7'
[Acceptor M7] Received AcceptRequest(M4:1, 'M7') from Proposer M4
[Acceptor M7] Accepted proposal M4:1 with value 'M7'
[Acceptor M7] Received AcceptRequest(M4:1, 'M7') from Proposer M4
[Acceptor M7] Accepted proposal M4:1 with value 'M7'
[Member M7] Failed to connect to localhost:9003 - Connection refused
[Member M7] Failed to connect to localhost:9003 - Connection refused
[Member M7] Failed to connect to localhost:9003 - Connection refused
[Member M7] Failed to connect to localhost:9003 - Connection refused
Learner M7 has learned the value: M7 for proposal number: M4:1
Learner M7 has learned the value: M7 for proposal number: M4:1
Learner M7 has learned the value: M7 for proposal number: M4:1
Learner M7 has learned the value: M7 for proposal number: M4:1
[Member M7] Shutting down...
