[Member M2] - Listening on port 9002
[Proposer M2] Auto-proposing value: M2
[Proposer M2] Starting proposal M2:1 with value 'M2'
[Proposer M2] Sent Prepare for M2:1 to [M1, M2, M3, M4, M5, M6, M7, M8, M9]
[Acceptor M2] Received Prepare(M2:1) from Proposer M2
[Acceptor M2] Sent Promise for M2:1 to Proposer M2
[Proposer M2] Received Promise for M2:1 from Acceptor M5
[Proposer M2] Received Promise for M2:1 from Acceptor M6
[Proposer M2] Received Promise for M2:1 from Acceptor M3
[Proposer M2] Received Promise for M2:1 from Acceptor M1
[Proposer M2] Received Promise for M2:1 from Acceptor M4
[Proposer M2] Sent Accept Request for M2:1 with value 'M2'
[Proposer M2] Received Promise for M2:1 from Acceptor M7
[Proposer M2] Sent Accept Request for M2:1 with value 'M2'
[Proposer M2] Received Promise for M2:1 from Acceptor M8
[Proposer M2] Sent Accept Request for M2:1 with value 'M2'
[Proposer M2] Received Promise for M2:1 from Acceptor M9
[Proposer M2] Sent Accept Request for M2:1 with value 'M2'
[Proposer M2] Received Promise for M2:1 from Acceptor M2
[Proposer M2] Sent Accept Request for M2:1 with value 'M2'
[Member M2] Failed to connect to localhost:9003 - Connection refused
[Member M2] Shutting down...
[Acceptor M2] Received AcceptRequest(M2:1, 'M2') from Proposer M2
[Acceptor M2] Accepted proposal M2:1 with value 'M2'
Learner M2 has learned the value: M2 for proposal number: M2:1
[Member M2] Failed to connect to localhost:9003 - Connection refused
[Acceptor M2] Received AcceptRequest(M2:1, 'M2') from Proposer M2
[Acceptor M2] Accepted proposal M2:1 with value 'M2'
[Member M2] Failed to connect to localhost:9003 - Connection refused
