[Member M6] - Listening on port 9006
[Acceptor M6] Received Prepare(M2:1) from Proposer M2
[Acceptor M6] Sent Promise for M2:1 to Proposer M2
[Acceptor M6] Received AcceptRequest(M2:1, 'M2') from Proposer M2
[Acceptor M6] Accepted proposal M2:1 with value 'M2'
[Member M6] Failed to connect to localhost:9003 - Connection refused
Learner M6 has learned the value: M2 for proposal number: M2:1
[Acceptor M6] Received AcceptRequest(M2:1, 'M2') from Proposer M2
[Acceptor M6] Accepted proposal M2:1 with value 'M2'
Learner M6 has learned the value: M2 for proposal number: M2:1
[Member M6] Failed to connect to localhost:9003 - Connection refused
[Member M6] Shutting down...
Learner M6 has learned the value: M2 for proposal number: M2:1
[Acceptor M6] Received AcceptRequest(M2:1, 'M2') from Proposer M2
[Acceptor M6] Accepted proposal M2:1 with value 'M2'
[Acceptor M6] Received AcceptRequest(M2:1, 'M2') from Proposer M2
[Acceptor M6] Accepted proposal M2:1 with value 'M2'
[Member M6] Failed to connect to localhost:9003 - Connection refused
[Member M6] Failed to connect to localhost:9001 - Connection refused
[Member M6] Failed to connect to localhost:9003 - Connection refused
