[Member M7] - Listening on port 9007
[Acceptor M7] Received Prepare(M2:1) from Proposer M2
[Acceptor M7] Sent Promise for M2:1 to Proposer M2
[Acceptor M7] Received AcceptRequest(M2:1, 'M2') from Proposer M2
[Acceptor M7] Accepted proposal M2:1 with value 'M2'
[Acceptor M7] Received AcceptRequest(M2:1, 'M2') from Proposer M2
[Acceptor M7] Accepted proposal M2:1 with value 'M2'
[Member M7] Failed to connect to localhost:9003 - Connection refused
[Member M7] Failed to connect to localhost:9003 - Connection refused
Learner M7 has learned the value: M2 for proposal number: M2:1
[Acceptor M7] Received AcceptRequest(M2:1, 'M2') from Proposer M2
[Acceptor M7] Accepted proposal M2:1 with value 'M2'
[Member M7] Shutting down...
Learner M7 has learned the value: M2 for proposal number: M2:1
[Member M7] Failed to connect to localhost:9003 - Connection refused
[Acceptor M7] Received AcceptRequest(M2:1, 'M2') from Proposer M2
[Acceptor M7] Accepted proposal M2:1 with value 'M2'
Learner M7 has learned the value: M2 for proposal number: M2:1
[Member M7] Failed to connect to localhost:9003 - Connection refused
[Member M7] Failed to connect to localhost:9002 - Connection refused
[Member M7] Failed to connect to localhost:9004 - Connection refused
[Member M7] Failed to connect to localhost:9001 - Connection refused
