[Member M8] - Listening on port 9008
[Acceptor M8] Received Prepare(M2:1) from Proposer M2
[Acceptor M8] Sent Promise for M2:1 to Proposer M2
[Acceptor M8] Received AcceptRequest(M2:1, 'M2') from Proposer M2
[Acceptor M8] Accepted proposal M2:1 with value 'M2'
[Member M8] Failed to connect to localhost:9003 - Connection refused
[Acceptor M8] Received AcceptRequest(M2:1, 'M2') from Proposer M2
[Acceptor M8] Accepted proposal M2:1 with value 'M2'
Learner M8 has learned the value: M2 for proposal number: M2:1
[Member M8] Failed to connect to localhost:9003 - Connection refused
[Member M8] Shutting down...
Learner M8 has learned the value: M2 for proposal number: M2:1
[Acceptor M8] Received AcceptRequest(M2:1, 'M2') from Proposer M2
[Acceptor M8] Accepted proposal M2:1 with value 'M2'
[Member M8] Failed to connect to localhost:9003 - Connection refused
[Acceptor M8] Received AcceptRequest(M2:1, 'M2') from Proposer M2
[Acceptor M8] Accepted proposal M2:1 with value 'M2'
Learner M8 has learned the value: M2 for proposal number: M2:1
[Member M8] Failed to connect to localhost:9003 - Connection refused
[Member M8] Failed to connect to localhost:9001 - Connection refused
Learner M8 has learned the value: M2 for proposal number: M2:1
